W, [2018-05-26T13:39:40.945428 #63129]  WARN -- : 2018-05-26 13:39:40 +0530 order_idnew request
W, [2018-05-26T13:44:45.400490 #63419]  WARN -- : 2018-05-26 13:44:45 +0530 order_idnew request
W, [2018-05-26T13:44:47.405910 #63419]  WARN -- : 2018-05-26 13:44:47 +0530 order_idnew processed
W, [2018-05-26T13:44:47.405969 #63419]  WARN -- : 2018-05-26 13:44:47 +0530 order_idmessage request
W, [2018-05-26T13:44:49.407994 #63419]  WARN -- : 2018-05-26 13:44:49 +0530 order_idmessage processed
W, [2018-05-26T13:44:49.408114 #63419]  WARN -- : 2018-05-26 13:44:49 +0530 order_idhello request
W, [2018-05-26T13:44:51.409140 #63419]  WARN -- : 2018-05-26 13:44:51 +0530 order_idhello processed
W, [2018-05-26T13:44:51.409307 #63419]  WARN -- : 2018-05-26 13:44:51 +0530 order_id123 request
W, [2018-05-26T13:44:53.412638 #63419]  WARN -- : 2018-05-26 13:44:53 +0530 order_id123 processed
W, [2018-05-26T13:47:51.548057 #63524]  WARN -- : 2018-05-26 13:47:51 +0530 order_idnew request
W, [2018-05-26T13:47:53.552764 #63524]  WARN -- : 2018-05-26 13:47:53 +0530 order_idnew processed
W, [2018-05-26T13:47:53.552815 #63524]  WARN -- : 2018-05-26 13:47:53 +0530 order_idmessage request
W, [2018-05-26T13:47:55.553591 #63524]  WARN -- : 2018-05-26 13:47:55 +0530 order_idmessage processed
W, [2018-05-26T13:47:55.553657 #63524]  WARN -- : 2018-05-26 13:47:55 +0530 order_idhello request
W, [2018-05-26T13:47:57.555388 #63524]  WARN -- : 2018-05-26 13:47:57 +0530 order_idhello processed
W, [2018-05-26T13:47:57.555440 #63524]  WARN -- : 2018-05-26 13:47:57 +0530 order_id123 request
W, [2018-05-26T13:47:59.558858 #63524]  WARN -- : 2018-05-26 13:47:59 +0530 order_id123 processed
W, [2018-05-26T14:43:37.536712 #65050]  WARN -- : order_id:new request
W, [2018-05-26T14:43:57.539605 #65050]  WARN -- : order_id:new processed
W, [2018-05-26T14:43:57.539829 #65050]  WARN -- : order_id:message request
W, [2018-05-26T14:44:17.542188 #65050]  WARN -- : order_id:message processed
W, [2018-05-26T14:44:17.542451 #65050]  WARN -- : order_id:hello request
W, [2018-05-26T14:44:37.544827 #65050]  WARN -- : order_id:hello processed
W, [2018-05-26T14:44:37.545099 #65050]  WARN -- : order_id:123 request
W, [2018-05-26T14:44:57.547471 #65050]  WARN -- : order_id:123 processed
W, [2018-05-26T15:53:55.541929 #69926]  WARN -- : order_id:"{\"type\":\"placed\",\"order_id\":\"99\"}" request
W, [2018-05-26T15:53:57.543204 #69926]  WARN -- : order_id:"{\"type\":\"placed\",\"order_id\":\"99\"}" processed
W, [2018-05-26T15:53:57.543382 #69926]  WARN -- : order_id:"{\"type\":\"placed\",\"order_id\":\"99\"}" request
W, [2018-05-26T15:53:59.545513 #69926]  WARN -- : order_id:"{\"type\":\"placed\",\"order_id\":\"99\"}" processed
W, [2018-05-26T15:53:59.545692 #69926]  WARN -- : order_id:"{\"type\":\"placed\",\"order_id\":\"99\"}" request
W, [2018-05-26T15:54:01.547765 #69926]  WARN -- : order_id:"{\"type\":\"placed\",\"order_id\":\"99\"}" processed
